Moire lattice vectors for layer a
[[10 -2]
 [-3 10]]
angle: 141.679°

Moire lattice vectors for layer b
[[ 9 -3]
 [-2 10]]
angle: 142.846°

  534 atoms
  |a1| = 35.38 Å
  |a2| = 36.94 Å
  Strain, axis 1: 1.14%
  Strain, axis 2: 0.86%
Original moire lattice vectors (Å):
    34.893600050527     -5.855597157588      0.000000000000
   -25.070890426115     27.131675445269      0.000000000000
     0.000000000000      0.000000000000     19.571784400000

LAMMPS rotation matrix:
    -0.986209993833      0.165498785689      0.000000000000
     0.165498785689      0.986209993833      0.000000000000
     0.000000000000      0.000000000000      1.000000000000

Rotated moire lattice vectors to the LAMMPS convention (Å):
   -35.381511309695     -0.000000000000      0.000000000000
    29.215422032414     22.608327551892      0.000000000000
     0.000000000000      0.000000000000     19.571784400000


Angle between A1 and A2 vectors: 142.266°

Effective (rotated) WSe2 lattice vectors (Å):
    -3.142385840767      0.481028245785      0.000000000000
     1.978826451011      2.405141228925      0.000000000000
     0.000000000000      0.000000000000     19.571784400000

Effective WSe2 supercell lattice vectors in units of the primitive lattice vectors:
    10.000000000000     -2.000000000000      0.000000000000
    -3.000000000000     10.000000000000      0.000000000000
     0.000000000000      0.000000000000      1.000000000000

Number of units cells = 94.0

Effective WSe2 reciprocal unit cell (1/Å):
    -1.775838587612      0.355167717522     -0.000000000000
     1.461068617357      2.320183931858      0.000000000000
     0.000000000000      0.000000000000      0.321032828625

Special k points, in units of the moire reciprocal lattice vectors
K:
[0.59083818 0.72097067 0.        ]
M:
[0.88625727 0.5710973  0.        ]

Effective (rotated) MoS2 lattice vectors (Å):
    -3.168676749997      0.807440269710      0.000000000000
     2.287806853242      2.422320809131      0.000000000000
     0.000000000000      0.000000000000     19.571784400000

Effective MoS2 supercell lattice vectors in units of the primitive lattice vectors:
     9.000000000000     -3.000000000000      0.000000000000
    -2.000000000000     10.000000000000      0.000000000000
     0.000000000000      0.000000000000      1.000000000000

Number of units cells = 84.0

Effective MoS2 reciprocal unit cell (1/Å):
    -1.598254728851      0.532751576284     -0.000000000000
     1.509502006550      2.090702676867      0.000000000000
     0.000000000000      0.000000000000      0.321032828625

