Moire lattice vectors for layer a
[[10 -3]
 [-2 10]]
angle: 141.679°

Moire lattice vectors for layer b
[[ 9 -4]
 [-1 10]]
angle: 142.195°

  540 atoms
  |a1| = 37.59 Å
  |a2| = 34.92 Å
  Strain, axis 1: 1.11%
  Strain, axis 2: 0.80%
Original moire lattice vectors (Å):
    36.614025144901     -8.526211674558      0.000000000000
   -21.897156378229     27.202919066064      0.000000000000
     0.000000000000      0.000000000000     19.571784400000

LAMMPS rotation matrix:
    -0.973941539071      0.226799202980      0.000000000000
     0.226799202980      0.973941539071      0.000000000000
     0.000000000000      0.000000000000      1.000000000000

Rotated moire lattice vectors to the LAMMPS convention (Å):
   -37.593658013431      0.000000000000      0.000000000000
    27.496150547204     21.527795248304      0.000000000000
     0.000000000000      0.000000000000     19.571784400000


Angle between A1 and A2 vectors: 141.941°

Effective (rotated) WSe2 lattice vectors (Å):
    -3.121788600986      0.687057295159      0.000000000000
     2.125257334523      2.290190983862      0.000000000000
     0.000000000000      0.000000000000     19.571784400000

Effective WSe2 supercell lattice vectors in units of the primitive lattice vectors:
    10.000000000000     -3.000000000000      0.000000000000
    -2.000000000000     10.000000000000      0.000000000000
     0.000000000000      0.000000000000      1.000000000000

Number of units cells = 94.0

Effective WSe2 reciprocal unit cell (1/Å):
    -1.671341827107      0.501402548132     -0.000000000000
     1.550976098318      2.278227405915      0.000000000000
     0.000000000000      0.000000000000      0.321032828625

Special k points, in units of the moire reciprocal lattice vectors
K:
[0.24005807 0.99899428 0.        ]
M:
[0.36008711 0.29654474 0.        ]

Effective (rotated) MoS2 lattice vectors (Å):
    -3.092464859831      1.001292802247      0.000000000000
     2.440368568737      2.252908805055      0.000000000000
     0.000000000000      0.000000000000     19.571784400000

Effective MoS2 supercell lattice vectors in units of the primitive lattice vectors:
     9.000000000000     -4.000000000000      0.000000000000
    -1.000000000000     10.000000000000      0.000000000000
     0.000000000000      0.000000000000      1.000000000000

Number of units cells = 86.0

Effective MoS2 reciprocal unit cell (1/Å):
    -1.504207644396      0.668536730843     -0.000000000000
     1.629369572351      2.064757025117      0.000000000000
     0.000000000000      0.000000000000      0.321032828625

