Moire lattice vectors for layer a
[[ 9 -2]
 [-1 10]]
angle: 134.541°

Moire lattice vectors for layer b
[[ 8 -3]
 [ 0 10]]
angle: 135.295°

  504 atoms
  |a1| = 32.23 Å
  |a2| = 33.09 Å
  Strain, axis 1: 1.21%
  Strain, axis 2: 0.76%
Original moire lattice vectors (Å):
    31.694757606998     -5.853702433066      0.000000000000
   -18.724091148778     27.285450750413      0.000000000000
     0.000000000000      0.000000000000     19.571784400000

LAMMPS rotation matrix:
    -0.983369091262      0.181618364573      0.000000000000
     0.181618364573      0.983369091262      0.000000000000
     0.000000000000      0.000000000000      1.000000000000

Rotated moire lattice vectors to the LAMMPS convention (Å):
   -32.230784848360      0.000000000000      0.000000000000
    23.368231439614     23.431030096554      0.000000000000
     0.000000000000      0.000000000000     19.571784400000


Angle between A1 and A2 vectors: 134.923°

Effective (rotated) WSe2 lattice vectors (Å):
    -3.131493018232      0.532523411285      0.000000000000
     2.023673842138      2.396355350784      0.000000000000
     0.000000000000      0.000000000000     19.571784400000

Effective WSe2 supercell lattice vectors in units of the primitive lattice vectors:
     9.000000000000     -2.000000000000      0.000000000000
    -1.000000000000     10.000000000000      0.000000000000
     0.000000000000      0.000000000000      1.000000000000

Number of units cells = 88.0

Effective WSe2 reciprocal unit cell (1/Å):
    -1.754492421785      0.389887204841     -0.000000000000
     1.481633522772      2.292723726288      0.000000000000
     0.000000000000      0.000000000000      0.321032828625

Special k points, in units of the moire reciprocal lattice vectors
K:
[0.46656041 0.99636277 0.        ]
M:
[0.19984061 0.03019483 0.        ]

Effective (rotated) MoS2 lattice vectors (Å):
    -3.152539427059      0.878663628621      0.000000000000
     2.336823143961      2.343103009655      0.000000000000
     0.000000000000      0.000000000000     19.571784400000

Effective MoS2 supercell lattice vectors in units of the primitive lattice vectors:
     8.000000000000     -3.000000000000      0.000000000000
    -0.000000000000     10.000000000000      0.000000000000
     0.000000000000      0.000000000000      1.000000000000

Number of units cells = 80.0

Effective MoS2 reciprocal unit cell (1/Å):
    -1.559548819364      0.584830807262     -0.000000000000
     1.555368995819      2.098302601810      0.000000000000
     0.000000000000      0.000000000000      0.321032828625

