Moire lattice vectors for layer a
[[  3  -9]
 [-10   1]]
angle: 138.613°

Moire lattice vectors for layer b
[[ 2 -9]
 [-9  2]]
angle: 139.653°

  492 atoms
  |a1| = 33.78 Å
  |a2| = 33.34 Å
  Strain, axis 1: 1.22%
  Strain, axis 2: 0.63%
Original moire lattice vectors (Å):
    23.491888136265    -24.275463083580      0.000000000000
   -33.206158233599      2.946729390693      0.000000000000
     0.000000000000      0.000000000000     19.571784400000

LAMMPS rotation matrix:
    -0.695413853222      0.718609471651      0.000000000000
     0.718609471651      0.695413853222      0.000000000000
     0.000000000000      0.000000000000      1.000000000000

Rotated moire lattice vectors to the LAMMPS convention (Å):
   -33.781162148882      0.000000000000      0.000000000000
    25.209570098466    -21.813063383837      0.000000000000
     0.000000000000      0.000000000000     19.571784400000


Angle between A1 and A2 vectors: 139.131°

Effective (rotated) WSe2 lattice vectors (Å):
    -2.219597341808      2.256523798328      0.000000000000
     3.013596680384      0.752174599443      0.000000000000
     0.000000000000      0.000000000000     19.571784400000

Effective WSe2 supercell lattice vectors in units of the primitive lattice vectors:
     3.000000000000     -9.000000000000      0.000000000000
   -10.000000000000      1.000000000000      0.000000000000
     0.000000000000      0.000000000000      1.000000000000

Number of units cells = 87.0

Effective WSe2 reciprocal unit cell (1/Å):
    -0.557990155533      1.673970466599      0.000000000000
     2.235594344248      1.646577093794      0.000000000000
     0.000000000000      0.000000000000      0.321032828625

Special k points, in units of the moire reciprocal lattice vectors
K:
[0.99348784 0.40104275 0.        ]
M:
[0.99023176 0.62668144 0.        ]

Effective (rotated) MoS2 lattice vectors (Å):
    -2.069140345304      2.549578837072      0.000000000000
     3.293653495364      0.566573074905      0.000000000000
     0.000000000000      0.000000000000     19.571784400000

Effective MoS2 supercell lattice vectors in units of the primitive lattice vectors:
     2.000000000000     -9.000000000000      0.000000000000
    -9.000000000000      2.000000000000      0.000000000000
     0.000000000000      0.000000000000      1.000000000000

Number of units cells = 77.0

Effective MoS2 reciprocal unit cell (1/Å):
    -0.371993437022      1.673970466599      0.000000000000
     2.162505664967      1.358530192879      0.000000000000
     0.000000000000      0.000000000000      0.321032828625

