Moire lattice vectors for layer a
[[  2  -9]
 [-10   1]]
angle: 134.541°

Moire lattice vectors for layer b
[[ 1 -9]
 [-9  2]]
angle: 135.035°

  501 atoms
  |a1| = 31.72 Å
  |a2| = 33.34 Å
  Strain, axis 1: 1.10%
  Strain, axis 2: 0.46%
Original moire lattice vectors (Å):
    20.314256714280    -24.366642327256      0.000000000000
   -33.211566368071      2.888722407227      0.000000000000
     0.000000000000      0.000000000000     19.571784400000

LAMMPS rotation matrix:
    -0.640346631811      0.768086057111      0.000000000000
     0.768086057111      0.640346631811      0.000000000000
     0.000000000000      0.000000000000      1.000000000000

Rotated moire lattice vectors to the LAMMPS convention (Å):
   -31.723844094909     -0.000000000000      0.000000000000
    23.485702064824    -23.659557398420      0.000000000000
     0.000000000000      0.000000000000     19.571784400000


Angle between A1 and A2 vectors: 134.789°

Effective (rotated) WSe2 lattice vectors (Å):
    -2.041448573733      2.419727461202      0.000000000000
     3.071216327494      0.537717213600      0.000000000000
     0.000000000000      0.000000000000     19.571784400000

Effective WSe2 supercell lattice vectors in units of the primitive lattice vectors:
     2.000000000000     -9.000000000000      0.000000000000
   -10.000000000000      1.000000000000      0.000000000000
     0.000000000000      0.000000000000      1.000000000000

Number of units cells = 88.0

Effective WSe2 reciprocal unit cell (1/Å):
    -0.396117525252      1.782528863634      0.000000000000
     2.262457999094      1.503863994872      0.000000000000
     0.000000000000      0.000000000000      0.321032828625

Special k points, in units of the moire reciprocal lattice vectors
K:
[0.85894488 0.20036693 0.        ]
M:
[0.28841731 0.3969553  0.        ]

Effective (rotated) MoS2 lattice vectors (Å):
    -1.872451017641      2.695392615010      0.000000000000
     3.316821453030      0.299488068334      0.000000000000
     0.000000000000      0.000000000000     19.571784400000

Effective MoS2 supercell lattice vectors in units of the primitive lattice vectors:
     1.000000000000     -9.000000000000      0.000000000000
    -9.000000000000      2.000000000000      0.000000000000
     0.000000000000      0.000000000000      1.000000000000

Number of units cells = 79.0

Effective MoS2 reciprocal unit cell (1/Å):
    -0.198058762626      1.782528863634      0.000000000000
     2.193494907801      1.238297517808      0.000000000000
     0.000000000000      0.000000000000      0.321032828625

