Moire lattice vectors for layer a
[[  2  -9]
 [-10   1]]
angle: 134.541°

Moire lattice vectors for layer b
[[ 1 -9]
 [-9  2]]
angle: 135.035°

  501 atoms
  |a1| = 31.72 Å
  |a2| = 33.34 Å
  Strain, axis 1: 1.11%
  Strain, axis 2: 0.30%
Original moire lattice vectors (Å):
    20.356261165549    -24.331510292245      0.000000000000
   -33.216771987436      2.830696899248      0.000000000000
     0.000000000000      0.000000000000     19.571784400000

LAMMPS rotation matrix:
    -0.641671501564      0.766979585179      0.000000000000
     0.766979585179      0.641671501564      0.000000000000
     0.000000000000      0.000000000000      1.000000000000

Rotated moire lattice vectors to the LAMMPS convention (Å):
   -31.723804339039      0.000000000000      0.000000000000
    23.485342691834    -23.660208470085      0.000000000000
     0.000000000000      0.000000000000     19.571784400000


Angle between A1 and A2 vectors: 134.787°

Effective (rotated) WSe2 lattice vectors (Å):
    -2.041412271448      2.419794048077      0.000000000000
     3.071219977349      0.537732010684      0.000000000000
     0.000000000000      0.000000000000     19.571784400000

Effective WSe2 supercell lattice vectors in units of the primitive lattice vectors:
     2.000000000000     -9.000000000000      0.000000000000
   -10.000000000000      1.000000000000      0.000000000000
     0.000000000000      0.000000000000      1.000000000000

Number of units cells = 88.0

Effective WSe2 reciprocal unit cell (1/Å):
    -0.396118021662      1.782531097477      0.000000000000
     2.262401265582      1.503797754821      0.000000000000
     0.000000000000      0.000000000000      0.321032828625

Special k points, in units of the moire reciprocal lattice vectors
K:
[0.85904513 0.20022687 0.        ]
M:
[0.28856769 0.39683137 0.        ]

Effective (rotated) MoS2 lattice vectors (Å):
    -1.872411082891      2.695466787731      0.000000000000
     3.316821472905      0.299496309748      0.000000000000
     0.000000000000      0.000000000000     19.571784400000

Effective MoS2 supercell lattice vectors in units of the primitive lattice vectors:
     1.000000000000     -9.000000000000      0.000000000000
    -9.000000000000      2.000000000000      0.000000000000
     0.000000000000      0.000000000000      1.000000000000

Number of units cells = 79.0

Effective MoS2 reciprocal unit cell (1/Å):
    -0.198059010831      1.782531097477      0.000000000000
     2.193437310059      1.238238585505      0.000000000000
     0.000000000000      0.000000000000      0.321032828625

