Moire lattice vectors for layer a
[[  1  -8]
 [-10   1]]
angle: 130.533°

Moire lattice vectors for layer b
[[ 0 -8]
 [-9  2]]
angle: 129.826°

  453 atoms
  |a1| = 26.66 Å
  |a2| = 33.34 Å
  Strain, axis 1: 1.48%
  Strain, axis 2: 0.16%
Original moire lattice vectors (Å):
    15.446496596634    -21.724052859840      0.000000000000
   -33.221775028265      2.772653573777      0.000000000000
     0.000000000000      0.000000000000     19.571784400000

LAMMPS rotation matrix:
    -0.579480960829      0.814985776585      0.000000000000
     0.814985776585      0.579480960829      0.000000000000
     0.000000000000      0.000000000000      1.000000000000

Rotated moire lattice vectors to the LAMMPS convention (Å):
   -26.655744779821      0.000000000000      0.000000000000
    21.511059339864    -25.468574163972      0.000000000000
     0.000000000000      0.000000000000     19.571784400000


Angle between A1 and A2 vectors: 130.185°

Effective (rotated) WSe2 lattice vectors (Å):
    -1.840920632140      2.579096117871      0.000000000000
     3.101853018460      0.322387014734      0.000000000000
     0.000000000000      0.000000000000     19.571784400000

Effective WSe2 supercell lattice vectors in units of the primitive lattice vectors:
     1.000000000000     -8.000000000000      0.000000000000
   -10.000000000000      1.000000000000      0.000000000000
     0.000000000000      0.000000000000      1.000000000000

Number of units cells = 79.0

Effective WSe2 reciprocal unit cell (1/Å):
    -0.235715991396      1.885727931170      0.000000000000
     2.267946058607      1.346004683982      0.000000000000
     0.000000000000      0.000000000000      0.321032828625

Special k points, in units of the moire reciprocal lattice vectors
K:
[0.12616009 0.95262019 0.        ]
M:
[0.18924014 0.15427935 0.        ]

Effective (rotated) MoS2 lattice vectors (Å):
    -1.649680349434      2.829841573775      0.000000000000
     3.331968097478      0.000000000000      0.000000000000
     0.000000000000      0.000000000000     19.571784400000

Effective MoS2 supercell lattice vectors in units of the primitive lattice vectors:
     0.000000000000     -8.000000000000      0.000000000000
    -9.000000000000      2.000000000000      0.000000000000
     0.000000000000      0.000000000000      1.000000000000

Number of units cells = 72.0

Effective MoS2 reciprocal unit cell (1/Å):
     0.000000000000      1.885727931170      0.000000000000
     2.220331118678      1.099301226351      0.000000000000
     0.000000000000      0.000000000000      0.321032828625

